2022-10-05 14:16:00,870 [INFO] Activator:177 - 


2022-10-05 14:16:00,870 [INFO] Activator:178 - !SESSION log4j initialized
2022-10-05 14:16:03,229 [INFO] McuFinderGlobals:39 - Set McuFinder mode to 2 (CubeIDE integrated)
2022-10-05 14:16:03,307 [INFO] ApplicationProperties:181 - Using Application install path: C:\ST\STM32CubeIDE_1.7.0\STM32CubeIDE\plugins\com.st.stm32cube.common.mx_6.3.0.202107141111
2022-10-05 14:16:03,323 [INFO] DbMcusXml:74 - Set database path to: C:\ST\STM32CubeIDE_1.7.0\STM32CubeIDE\plugins\com.st.stm32cube.common.mx_6.3.0.202107141111\\db\/mcu/
2022-10-05 14:16:03,323 [INFO] DbBoardsPdsc:56 - Set plugin database path to: C:\ST\STM32CubeIDE_1.7.0\STM32CubeIDE\plugins\com.st.stm32cube.common.mx_6.3.0.202107141111\\db\/plugins/boardmanager/
2022-10-05 14:16:03,323 [INFO] DbMcus:258 - Set plugin images path to: C:\ST\STM32CubeIDE_1.7.0\STM32CubeIDE\plugins\com.st.stm32cube.common.mx_6.3.0.202107141111\\db\/plugins/mcufinder/images/
2022-10-05 14:16:03,323 [INFO] DbBoards:264 - Set plugin images path to: C:\ST\STM32CubeIDE_1.7.0\STM32CubeIDE\plugins\com.st.stm32cube.common.mx_6.3.0.202107141111\\db\/plugins/mcufinder/images/
2022-10-05 14:16:03,323 [INFO] DbExamples:333 - Set plugin images path to: C:\ST\STM32CubeIDE_1.7.0\STM32CubeIDE\plugins\com.st.stm32cube.common.mx_6.3.0.202107141111\\db\/plugins/mcufinder/images/
2022-10-05 14:16:03,323 [INFO] DbMcusAds:119 - Set database path to: C:\Users\minhl\.stmcufinder\plugins\mcufinder//mcu/
2022-10-05 14:16:03,323 [INFO] DbMcusDocs:110 - Set database path to: C:\Users\minhl\.stmcufinder\plugins\mcufinder//mcu/
2022-10-05 14:16:03,323 [INFO] DbMcusJson:64 - Set database path to: C:\Users\minhl\.stmcufinder\plugins\mcufinder//mcu/
2022-10-05 14:16:03,323 [INFO] DbBoardsDocs:110 - Set database path to: C:\Users\minhl\.stmcufinder\plugins\mcufinder//mcu/
2022-10-05 14:16:03,323 [INFO] DbBoardsJson:57 - Set database path to: C:\Users\minhl\.stmcufinder\plugins\mcufinder//mcu/
2022-10-05 14:16:03,323 [INFO] CrossReferenceDbSqlite:196 - Set database path to: C:\Users\minhl\.stmcufinder\plugins\mcufinder//mcu/cs/
2022-10-05 14:16:03,323 [INFO] DbExamplesSqlite:767 - Set database path to: C:\Users\minhl\.stmcufinder\plugins\mcufinder//mcu/
2022-10-05 14:16:03,385 [INFO] RulesReader:57 - Compatibility file has been processed (242 Rules)
2022-10-05 14:16:03,448 [INFO] DbMcusXml:74 - Set database path to: C:\ST\STM32CubeIDE_1.7.0\STM32CubeIDE\plugins\com.st.stm32cube.common.mx_6.3.0.202107141111\\db\/mcu/
2022-10-05 14:16:03,448 [INFO] DbBoardsPdsc:56 - Set plugin database path to: C:\ST\STM32CubeIDE_1.7.0\STM32CubeIDE\plugins\com.st.stm32cube.common.mx_6.3.0.202107141111\\db\/plugins/boardmanager/
2022-10-05 14:16:03,448 [INFO] DbMcus:258 - Set plugin images path to: C:\ST\STM32CubeIDE_1.7.0\STM32CubeIDE\plugins\com.st.stm32cube.common.mx_6.3.0.202107141111\\db\/plugins/mcufinder/images/
2022-10-05 14:16:03,448 [INFO] DbBoards:264 - Set plugin images path to: C:\ST\STM32CubeIDE_1.7.0\STM32CubeIDE\plugins\com.st.stm32cube.common.mx_6.3.0.202107141111\\db\/plugins/mcufinder/images/
2022-10-05 14:16:03,448 [INFO] DbExamples:333 - Set plugin images path to: C:\ST\STM32CubeIDE_1.7.0\STM32CubeIDE\plugins\com.st.stm32cube.common.mx_6.3.0.202107141111\\db\/plugins/mcufinder/images/
2022-10-05 14:16:03,448 [WARN] DbFile:35 - Overriding database path with different value: C:\Users\minhl\.stmcufinder\plugins\mcufinder/ => C:\Users\minhl\.stmcufinder\plugins\mcufinder
2022-10-05 14:16:03,448 [INFO] DbMcusAds:119 - Set database path to: C:\Users\minhl\.stmcufinder\plugins\mcufinder//mcu/
2022-10-05 14:16:03,448 [WARN] DbFile:35 - Overriding database path with different value: C:\Users\minhl\.stmcufinder\plugins\mcufinder/ => C:\Users\minhl\.stmcufinder\plugins\mcufinder
2022-10-05 14:16:03,448 [INFO] DbMcusDocs:110 - Set database path to: C:\Users\minhl\.stmcufinder\plugins\mcufinder//mcu/
2022-10-05 14:16:03,448 [WARN] DbFile:35 - Overriding database path with different value: C:\Users\minhl\.stmcufinder\plugins\mcufinder/ => C:\Users\minhl\.stmcufinder\plugins\mcufinder
2022-10-05 14:16:03,448 [INFO] DbMcusJson:64 - Set database path to: C:\Users\minhl\.stmcufinder\plugins\mcufinder//mcu/
2022-10-05 14:16:03,448 [WARN] DbFile:35 - Overriding database path with different value: C:\Users\minhl\.stmcufinder\plugins\mcufinder/ => C:\Users\minhl\.stmcufinder\plugins\mcufinder
2022-10-05 14:16:03,448 [INFO] DbBoardsDocs:110 - Set database path to: C:\Users\minhl\.stmcufinder\plugins\mcufinder//mcu/
2022-10-05 14:16:03,448 [WARN] DbFile:35 - Overriding database path with different value: C:\Users\minhl\.stmcufinder\plugins\mcufinder/ => C:\Users\minhl\.stmcufinder\plugins\mcufinder
2022-10-05 14:16:03,448 [INFO] DbBoardsJson:57 - Set database path to: C:\Users\minhl\.stmcufinder\plugins\mcufinder//mcu/
2022-10-05 14:16:03,448 [WARN] DbFile:35 - Overriding database path with different value: C:\Users\minhl\.stmcufinder\plugins\mcufinder/ => C:\Users\minhl\.stmcufinder\plugins\mcufinder
2022-10-05 14:16:03,448 [WARN] DbFile:35 - Overriding database path with different value: C:\Users\minhl\.stmcufinder\plugins\mcufinder/ => C:\Users\minhl\.stmcufinder\plugins\mcufinder
2022-10-05 14:16:03,448 [INFO] CrossReferenceDbSqlite:196 - Set database path to: C:\Users\minhl\.stmcufinder\plugins\mcufinder//mcu/cs/
2022-10-05 14:16:03,448 [WARN] DbFile:35 - Overriding database path with different value: C:\Users\minhl\.stmcufinder\plugins\mcufinder/ => C:\Users\minhl\.stmcufinder\plugins\mcufinder
2022-10-05 14:16:03,448 [INFO] DbExamplesSqlite:767 - Set database path to: C:\Users\minhl\.stmcufinder\plugins\mcufinder//mcu/
2022-10-05 14:16:03,479 [INFO] MainPanel:214 - HeapMemory: 268435456
2022-10-05 14:16:03,542 [INFO] DbMcusXml:74 - Set database path to: C:\ST\STM32CubeIDE_1.7.0\STM32CubeIDE\plugins\com.st.stm32cube.common.mx_6.3.0.202107141111\\db\/mcu/
2022-10-05 14:16:03,542 [INFO] DbBoardsPdsc:56 - Set plugin database path to: C:\ST\STM32CubeIDE_1.7.0\STM32CubeIDE\plugins\com.st.stm32cube.common.mx_6.3.0.202107141111\\db\/plugins/boardmanager/
2022-10-05 14:16:03,542 [INFO] DbMcus:258 - Set plugin images path to: C:\ST\STM32CubeIDE_1.7.0\STM32CubeIDE\plugins\com.st.stm32cube.common.mx_6.3.0.202107141111\\db\/plugins/mcufinder/images/
2022-10-05 14:16:03,542 [INFO] DbBoards:264 - Set plugin images path to: C:\ST\STM32CubeIDE_1.7.0\STM32CubeIDE\plugins\com.st.stm32cube.common.mx_6.3.0.202107141111\\db\/plugins/mcufinder/images/
2022-10-05 14:16:03,542 [INFO] DbExamples:333 - Set plugin images path to: C:\ST\STM32CubeIDE_1.7.0\STM32CubeIDE\plugins\com.st.stm32cube.common.mx_6.3.0.202107141111\\db\/plugins/mcufinder/images/
2022-10-05 14:16:03,542 [WARN] DbFile:35 - Overriding database path with different value: C:\Users\minhl\.stmcufinder\plugins\mcufinder/ => C:\Users\minhl\.stmcufinder\plugins\mcufinder
2022-10-05 14:16:03,542 [INFO] DbMcusAds:119 - Set database path to: C:\Users\minhl\.stmcufinder\plugins\mcufinder//mcu/
2022-10-05 14:16:03,542 [WARN] DbFile:35 - Overriding database path with different value: C:\Users\minhl\.stmcufinder\plugins\mcufinder/ => C:\Users\minhl\.stmcufinder\plugins\mcufinder
2022-10-05 14:16:03,542 [INFO] DbMcusDocs:110 - Set database path to: C:\Users\minhl\.stmcufinder\plugins\mcufinder//mcu/
2022-10-05 14:16:03,542 [WARN] DbFile:35 - Overriding database path with different value: C:\Users\minhl\.stmcufinder\plugins\mcufinder/ => C:\Users\minhl\.stmcufinder\plugins\mcufinder
2022-10-05 14:16:03,542 [INFO] DbMcusJson:64 - Set database path to: C:\Users\minhl\.stmcufinder\plugins\mcufinder//mcu/
2022-10-05 14:16:03,542 [WARN] DbFile:35 - Overriding database path with different value: C:\Users\minhl\.stmcufinder\plugins\mcufinder/ => C:\Users\minhl\.stmcufinder\plugins\mcufinder
2022-10-05 14:16:03,542 [INFO] DbBoardsDocs:110 - Set database path to: C:\Users\minhl\.stmcufinder\plugins\mcufinder//mcu/
2022-10-05 14:16:03,542 [WARN] DbFile:35 - Overriding database path with different value: C:\Users\minhl\.stmcufinder\plugins\mcufinder/ => C:\Users\minhl\.stmcufinder\plugins\mcufinder
2022-10-05 14:16:03,542 [INFO] DbBoardsJson:57 - Set database path to: C:\Users\minhl\.stmcufinder\plugins\mcufinder//mcu/
2022-10-05 14:16:03,542 [WARN] DbFile:35 - Overriding database path with different value: C:\Users\minhl\.stmcufinder\plugins\mcufinder/ => C:\Users\minhl\.stmcufinder\plugins\mcufinder
2022-10-05 14:16:03,542 [WARN] DbFile:35 - Overriding database path with different value: C:\Users\minhl\.stmcufinder\plugins\mcufinder/ => C:\Users\minhl\.stmcufinder\plugins\mcufinder
2022-10-05 14:16:03,542 [INFO] CrossReferenceDbSqlite:196 - Set database path to: C:\Users\minhl\.stmcufinder\plugins\mcufinder//mcu/cs/
2022-10-05 14:16:03,542 [WARN] DbFile:35 - Overriding database path with different value: C:\Users\minhl\.stmcufinder\plugins\mcufinder/ => C:\Users\minhl\.stmcufinder\plugins\mcufinder
2022-10-05 14:16:03,542 [INFO] DbExamplesSqlite:767 - Set database path to: C:\Users\minhl\.stmcufinder\plugins\mcufinder//mcu/
2022-10-05 14:16:03,557 [INFO] ApplicationProperties:181 - Using Application install path: C:\ST\STM32CubeIDE_1.7.0\STM32CubeIDE\plugins\com.st.stm32cube.common.mx_6.3.0.202107141111
2022-10-05 14:16:03,573 [INFO] PluginManage:188 - Search for loadable plugins [exclusion list=, ]
2022-10-05 14:16:03,573 [INFO] PluginManage:302 - Check plugin analytics
2022-10-05 14:16:03,682 [INFO] AnalyticsPlugin:257 - Accepted Software Licenses: 
2022-10-05 14:16:03,682 [INFO] AnalyticsPlugin:259 - Accepted CMSIS Pack Licenses: 
2022-10-05 14:16:03,682 [INFO] AnalyticsPlugin:261 - Accepted Firmware Licenses: 
2022-10-05 14:16:03,682 [INFO] PluginManage:352 - Loaded plugin analytics (category:tool,tabindex:-1)
2022-10-05 14:16:03,682 [INFO] PluginManage:302 - Check plugin clock
2022-10-05 14:16:03,698 [INFO] PluginManage:352 - Loaded plugin clock (category:base,tabindex:2)
2022-10-05 14:16:03,698 [INFO] PluginManage:302 - Check plugin ddr
2022-10-05 14:16:03,698 [INFO] PluginManage:352 - Loaded plugin ddr (category:tool,tabindex:6)
2022-10-05 14:16:03,698 [INFO] PluginManage:302 - Check plugin filemanager
2022-10-05 14:16:03,776 [INFO] PluginManage:352 - Loaded plugin filemanager (category:base,tabindex:10)
2022-10-05 14:16:03,776 [INFO] PluginManage:302 - Check plugin ipmanager
2022-10-05 14:16:03,791 [INFO] PluginManage:352 - Loaded plugin ipmanager (category:base,tabindex:5)
2022-10-05 14:16:03,791 [INFO] PluginManage:302 - Check plugin pinoutandconfiguration
2022-10-05 14:16:03,807 [INFO] PluginManage:352 - Loaded plugin pinoutandconfiguration (category:base,tabindex:1)
2022-10-05 14:16:03,807 [INFO] PluginManage:302 - Check plugin pinoutconfig
2022-10-05 14:16:03,823 [INFO] PluginManage:352 - Loaded plugin pinoutconfig (category:base,tabindex:0)
2022-10-05 14:16:03,823 [INFO] PluginManage:302 - Check plugin power
2022-10-05 14:16:03,823 [INFO] PluginManage:352 - Loaded plugin power (category:power,tabindex:4)
2022-10-05 14:16:03,823 [INFO] PluginManage:302 - Check plugin projectmanager
2022-10-05 14:16:03,838 [INFO] PluginManage:352 - Loaded plugin projectmanager (category:projectmanager,tabindex:3)
2022-10-05 14:16:03,838 [INFO] PluginManage:302 - Check plugin thirdparty
2022-10-05 14:16:03,916 [INFO] PluginManage:352 - Loaded plugin thirdparty (category:base,tabindex:-1)
2022-10-05 14:16:03,916 [INFO] PluginManage:302 - Check plugin tools
2022-10-05 14:16:03,916 [WARN] IntegrityCheckThread:78 - waiting for thirdparty lock release [integrity check]
2022-10-05 14:16:03,916 [INFO] IntegrityCheckThread:80 - entering critical section [integrity check]
2022-10-05 14:16:03,916 [INFO] ThirdPartyUpdaterWithRetryManager:66 - Updater plugin not ready yet. [1/15]
2022-10-05 14:16:03,916 [INFO] PluginManage:352 - Loaded plugin tools (category:base,tabindex:7)
2022-10-05 14:16:03,916 [INFO] PluginManage:302 - Check plugin tutovideos
2022-10-05 14:16:04,041 [INFO] PluginManage:352 - Loaded plugin tutovideos (category:base,tabindex:-1)
2022-10-05 14:16:04,041 [INFO] PluginManage:302 - Check plugin updater
2022-10-05 14:16:04,057 [INFO] PluginManage:352 - Loaded plugin updater (category:base,tabindex:12)
2022-10-05 14:16:04,057 [INFO] PluginManage:275 - PluginManage : Loaded plugins [13]
2022-10-05 14:16:04,166 [INFO] PinOutPanel:1463 - setPackage(No Configuration,No Configuration)
2022-10-05 14:16:04,229 [INFO] IPUIPlugin:74 - create IPUIPlugin
2022-10-05 14:16:04,229 [INFO] PluginManager:213 - loadIPPluginJar : add adc
2022-10-05 14:16:04,229 [INFO] IPUIPlugin:74 - create IPUIPlugin
2022-10-05 14:16:04,229 [INFO] PluginManager:213 - loadIPPluginJar : add aes
2022-10-05 14:16:04,229 [INFO] IPUIPlugin:74 - create IPUIPlugin
2022-10-05 14:16:04,229 [INFO] PluginManager:213 - loadIPPluginJar : add can
2022-10-05 14:16:04,229 [INFO] IPUIPlugin:74 - create IPUIPlugin
2022-10-05 14:16:04,229 [INFO] PluginManager:213 - loadIPPluginJar : add comp
2022-10-05 14:16:04,229 [INFO] IPUIPlugin:74 - create IPUIPlugin
2022-10-05 14:16:04,229 [INFO] PluginManager:213 - loadIPPluginJar : add cryp
2022-10-05 14:16:04,229 [INFO] IPUIPlugin:74 - create IPUIPlugin
2022-10-05 14:16:04,229 [INFO] PluginManager:213 - loadIPPluginJar : add dfsdm
2022-10-05 14:16:04,245 [INFO] IPUIPlugin:74 - create IPUIPlugin
2022-10-05 14:16:04,245 [INFO] PluginManager:213 - loadIPPluginJar : add dma
2022-10-05 14:16:04,245 [INFO] IPUIPlugin:74 - create IPUIPlugin
2022-10-05 14:16:04,245 [INFO] PluginManager:213 - loadIPPluginJar : add dma3
2022-10-05 14:16:04,245 [INFO] IPUIPlugin:74 - create IPUIPlugin
2022-10-05 14:16:04,245 [INFO] PluginManager:213 - loadIPPluginJar : add fatfs
2022-10-05 14:16:04,245 [INFO] IPUIPlugin:74 - create IPUIPlugin
2022-10-05 14:16:04,245 [INFO] PluginManager:213 - loadIPPluginJar : add fmc
2022-10-05 14:16:04,245 [INFO] IPUIPlugin:74 - create IPUIPlugin
2022-10-05 14:16:04,245 [INFO] PluginManager:213 - loadIPPluginJar : add freertos
2022-10-05 14:16:04,245 [INFO] IPUIPlugin:74 - create IPUIPlugin
2022-10-05 14:16:04,245 [INFO] PluginManager:213 - loadIPPluginJar : add genericplugin
2022-10-05 14:16:04,260 [INFO] IPUIPlugin:74 - create IPUIPlugin
2022-10-05 14:16:04,260 [INFO] PluginManager:213 - loadIPPluginJar : add gfxmmu
2022-10-05 14:16:04,260 [INFO] IPUIPlugin:74 - create IPUIPlugin
2022-10-05 14:16:04,260 [INFO] PluginManager:213 - loadIPPluginJar : add gic
2022-10-05 14:16:04,260 [INFO] IPUIPlugin:74 - create IPUIPlugin
2022-10-05 14:16:04,260 [INFO] PluginManager:213 - loadIPPluginJar : add gpio
2022-10-05 14:16:04,260 [INFO] IPUIPlugin:74 - create IPUIPlugin
2022-10-05 14:16:04,260 [INFO] PluginManager:213 - loadIPPluginJar : add gtzc
2022-10-05 14:16:04,260 [INFO] IPUIPlugin:74 - create IPUIPlugin
2022-10-05 14:16:04,260 [INFO] PluginManager:213 - loadIPPluginJar : add hash
2022-10-05 14:16:04,260 [INFO] IPUIPlugin:74 - create IPUIPlugin
2022-10-05 14:16:04,260 [INFO] PluginManager:213 - loadIPPluginJar : add i2c
2022-10-05 14:16:04,260 [INFO] IPUIPlugin:74 - create IPUIPlugin
2022-10-05 14:16:04,260 [INFO] PluginManager:213 - loadIPPluginJar : add i2s
2022-10-05 14:16:04,260 [INFO] IPUIPlugin:74 - create IPUIPlugin
2022-10-05 14:16:04,260 [INFO] PluginManager:213 - loadIPPluginJar : add ipddr
2022-10-05 14:16:04,276 [INFO] IPUIPlugin:74 - create IPUIPlugin
2022-10-05 14:16:04,276 [INFO] PluginManager:213 - loadIPPluginJar : add linkedlist
2022-10-05 14:16:04,276 [INFO] IPUIPlugin:74 - create IPUIPlugin
2022-10-05 14:16:04,276 [INFO] PluginManager:213 - loadIPPluginJar : add lorawan
2022-10-05 14:16:04,276 [INFO] IPUIPlugin:74 - create IPUIPlugin
2022-10-05 14:16:04,276 [INFO] PluginManager:213 - loadIPPluginJar : add ltdc
2022-10-05 14:16:04,276 [INFO] IPUIPlugin:74 - create IPUIPlugin
2022-10-05 14:16:04,276 [INFO] PluginManager:213 - loadIPPluginJar : add mdma
2022-10-05 14:16:04,276 [INFO] IPUIPlugin:74 - create IPUIPlugin
2022-10-05 14:16:04,276 [INFO] PluginManager:213 - loadIPPluginJar : add nvic
2022-10-05 14:16:04,276 [INFO] IPUIPlugin:74 - create IPUIPlugin
2022-10-05 14:16:04,276 [INFO] PluginManager:213 - loadIPPluginJar : add opamp
2022-10-05 14:16:04,276 [INFO] IPUIPlugin:74 - create IPUIPlugin
2022-10-05 14:16:04,276 [INFO] PluginManager:213 - loadIPPluginJar : add openamp
2022-10-05 14:16:04,276 [INFO] IPUIPlugin:74 - create IPUIPlugin
2022-10-05 14:16:04,276 [INFO] PluginManager:213 - loadIPPluginJar : add pdm2pcm
2022-10-05 14:16:04,292 [INFO] IPUIPlugin:74 - create IPUIPlugin
2022-10-05 14:16:04,307 [INFO] PluginManager:213 - loadIPPluginJar : add plateformsettings
2022-10-05 14:16:04,307 [INFO] IPUIPlugin:74 - create IPUIPlugin
2022-10-05 14:16:04,307 [INFO] PluginManager:213 - loadIPPluginJar : add quadspi
2022-10-05 14:16:04,307 [INFO] IPUIPlugin:74 - create IPUIPlugin
2022-10-05 14:16:04,307 [INFO] PluginManager:213 - loadIPPluginJar : add resmgrutility
2022-10-05 14:16:04,307 [INFO] IPUIPlugin:74 - create IPUIPlugin
2022-10-05 14:16:04,307 [INFO] PluginManager:213 - loadIPPluginJar : add sai
2022-10-05 14:16:04,307 [INFO] IPUIPlugin:74 - create IPUIPlugin
2022-10-05 14:16:04,307 [INFO] PluginManager:213 - loadIPPluginJar : add spi
2022-10-05 14:16:04,323 [INFO] IPUIPlugin:74 - create IPUIPlugin
2022-10-05 14:16:04,323 [INFO] PluginManager:213 - loadIPPluginJar : add stm32_wpan
2022-10-05 14:16:04,323 [INFO] IPUIPlugin:74 - create IPUIPlugin
2022-10-05 14:16:04,323 [INFO] PluginManager:213 - loadIPPluginJar : add tim
2022-10-05 14:16:04,323 [INFO] IPUIPlugin:74 - create IPUIPlugin
2022-10-05 14:16:04,323 [INFO] PluginManager:213 - loadIPPluginJar : add touchsensing
2022-10-05 14:16:04,323 [INFO] IPUIPlugin:74 - create IPUIPlugin
2022-10-05 14:16:04,323 [INFO] PluginManager:213 - loadIPPluginJar : add tracer_emb
2022-10-05 14:16:04,323 [INFO] IPUIPlugin:74 - create IPUIPlugin
2022-10-05 14:16:04,323 [INFO] PluginManager:213 - loadIPPluginJar : add ts
2022-10-05 14:16:04,323 [INFO] IPUIPlugin:74 - create IPUIPlugin
2022-10-05 14:16:04,323 [INFO] PluginManager:213 - loadIPPluginJar : add tsc
2022-10-05 14:16:04,323 [INFO] IPUIPlugin:74 - create IPUIPlugin
2022-10-05 14:16:04,323 [INFO] PluginManager:213 - loadIPPluginJar : add ucpd
2022-10-05 14:16:04,323 [INFO] IPUIPlugin:74 - create IPUIPlugin
2022-10-05 14:16:04,323 [INFO] PluginManager:213 - loadIPPluginJar : add usart
2022-10-05 14:16:04,323 [INFO] IPUIPlugin:74 - create IPUIPlugin
2022-10-05 14:16:04,323 [INFO] PluginManager:213 - loadIPPluginJar : add usbx
2022-10-05 14:16:04,568 [FATAL] Updater:294 - Updater called before beeing initialized
2022-10-05 14:16:04,661 [FATAL] Updater:294 - Updater called before beeing initialized
2022-10-05 14:16:04,661 [INFO] DbMcusAds:47 - JSON generation date=Thu Sep 30 13:55:09 ICT 2021 (1632984909247)
2022-10-05 14:16:04,661 [FATAL] Updater:294 - Updater called before beeing initialized
2022-10-05 14:16:04,677 [WARN] DetailPanel:314 - Failed to get advertising image, set to default
2022-10-05 14:16:04,740 [FATAL] Updater:294 - Updater called before beeing initialized
2022-10-05 14:16:04,755 [FATAL] Updater:294 - Updater called before beeing initialized
2022-10-05 14:16:04,755 [FATAL] Updater:294 - Updater called before beeing initialized
2022-10-05 14:16:04,755 [WARN] DetailPanel:314 - Failed to get advertising image, set to default
2022-10-05 14:16:04,755 [FATAL] Updater:294 - Updater called before beeing initialized
2022-10-05 14:16:04,786 [ERROR] Updater:1075 - MainUpdater not yet initialized. External WinMGr cannot be set.
2022-10-05 14:16:04,786 [INFO] Updater:1012 - Updater Version found : 6.3.0
2022-10-05 14:16:04,802 [INFO] ApplicationProperties:181 - Using Application install path: C:\ST\STM32CubeIDE_1.7.0\STM32CubeIDE\plugins\com.st.stm32cube.common.mx_6.3.0.202107141111
2022-10-05 14:16:04,974 [INFO] MainUpdater:2671 - connection check result : 10
2022-10-05 14:16:04,974 [INFO] MainUpdater:265 - Updater Check For Update Now.
2022-10-05 14:16:04,974 [INFO] MicroXplorer:478 - Change Database Version : DB.6.0.30
2022-10-05 14:16:05,114 [INFO] CheckServerUpdateThread:112 - End of CheckServer Thread
2022-10-05 14:16:05,193 [INFO] MainUpdater:2671 - connection check result : 10
2022-10-05 14:16:05,318 [INFO] McuFinderGlobals:52 - Set McuFinderConnectedMode to false
2022-10-05 14:16:05,380 [INFO] CrossSelectorPresenter:1330 - Cross Selector saved comparison directory: C:\Users\minhl\.stmcufinder\plugins\mcufinder\mcu\cs_comparisons_mx
2022-10-05 14:16:05,380 [INFO] MultiScanPanel:197 - Auto-refresh data requested => check proxy status ongoing
2022-10-05 14:16:05,380 [INFO] MultiScanPanel:201 - Proxy status is invalid
2022-10-05 14:16:05,380 [INFO] FinderPluginLoader:87 - Searching for filters in installed packs
2022-10-05 14:16:05,396 [INFO] DbMcusXml:100 - Load MCU database from C:\ST\STM32CubeIDE_1.7.0\STM32CubeIDE\plugins\com.st.stm32cube.common.mx_6.3.0.202107141111\\db\/mcu/families.xml
2022-10-05 14:16:06,032 [INFO] DbMcusJson:93 - JSON generation date=Tue Nov 16 23:17:54 ICT 2021 (1637079474)
2022-10-05 14:16:06,469 [INFO] DbMcus:175 - Found 1951 MCUs (1903 are supported by CubeMX, 1914 are visible in CubeMX)
2022-10-05 14:16:06,469 [INFO] ApiDb:251 - Load user favorites file C:\Users\minhl/.stm32cubeide/favorites.mcus.txt: 0 item(s)
2022-10-05 14:16:06,469 [INFO] ApiDb:255 - User favorites MCUs=[]
2022-10-05 14:16:06,469 [INFO] DbMcus:187 - Set 0 / 0 favorites MCUs
2022-10-05 14:16:06,844 [INFO] DetailPanel:309 - Set advertising image to C:/Users/minhl/STM32Cube/Repository/\en.Prom_NBSTM32U50921.jpg
2022-10-05 14:16:07,016 [WARN] PackLoader:238 - Cannot read IP mode file for STMicroelectronics.X-CUBE-GNSS1.6.0.0
2022-10-05 14:16:07,032 [WARN] PackLoader:238 - Cannot read IP mode file for STMicroelectronics.X-CUBE-AZRTOS-F4.1.1.0
2022-10-05 14:16:07,063 [WARN] PackLoader:238 - Cannot read IP mode file for STMicroelectronics.X-CUBE-AZRTOS-F7.1.1.0
2022-10-05 14:16:07,063 [WARN] PackLoader:238 - Cannot read IP mode file for STMicroelectronics.X-CUBE-BLE1.6.2.3
2022-10-05 14:16:07,063 [WARN] PackLoader:238 - Cannot read IP mode file for STMicroelectronics.X-CUBE-NFC4.2.0.4
2022-10-05 14:16:07,079 [WARN] PackLoader:238 - Cannot read IP mode file for STMicroelectronics.X-CUBE-TOF1.3.1.0
2022-10-05 14:16:07,079 [WARN] PackLoader:238 - Cannot read IP mode file for wolfSSL.I-CUBE-wolfSSL.5.5.0
2022-10-05 14:16:07,094 [WARN] PackLoader:238 - Cannot read IP mode file for STMicroelectronics.X-CUBE-NFC7.1.0.0
2022-10-05 14:16:07,126 [WARN] PackLoader:238 - Cannot read IP mode file for STMicroelectronics.X-CUBE-MEMS1.9.3.0
2022-10-05 14:16:07,172 [INFO] DbBoardsPdsc:90 - Found 25 items
2022-10-05 14:16:07,172 [INFO] DbBoardsPdsc:90 - Found 9 items
2022-10-05 14:16:07,172 [INFO] DbBoardsPdsc:90 - Found 33 items
2022-10-05 14:16:07,172 [INFO] DbBoardsPdsc:90 - Found 1 items
2022-10-05 14:16:07,188 [INFO] DbBoardsPdsc:90 - Found 48 items
2022-10-05 14:16:07,188 [INFO] DbBoardsPdsc:90 - Found 43 items
2022-10-05 14:16:07,188 [INFO] DbBoardsPdsc:90 - Found 2 items
2022-10-05 14:16:07,188 [INFO] DbBoardsPdsc:90 - Found 5 items
2022-10-05 14:16:07,188 [WARN] DbBoardsPdsc:254 - Board STM32H7B3I-DK: unknown feature type=Audio, name=, username=Audio stereo codec with Headphone Amp (CS42L51-CNZ), n=1
2022-10-05 14:16:07,188 [WARN] DbBoardsPdsc:254 - Board STM32H735G-DK: unknown feature type=Audio, name=, username=Audio stereo codec with Headphone Amp (WM8994ECS/R), n=1
2022-10-05 14:16:07,188 [WARN] DbBoardsPdsc:254 - Board STM32H7B3I-EVAL: unknown feature type=Audio, name=, username=Multi-Channel Audio Codec (CS42L51-CNZ), n=1
2022-10-05 14:16:07,188 [WARN] DbBoardsPdsc:254 - Board STM32H7B3I-EVAL: unknown feature type=Meter, name=, username=Power-metering and Temperature-monitoring with sigma-delta modulators, n=1
2022-10-05 14:16:07,188 [WARN] DbBoardsPdsc:254 - Board STM32H7B3I-EVAL: unknown feature type=Motor, name=, username=Motor Control, n=1
2022-10-05 14:16:07,188 [WARN] DbBoardsPdsc:254 - Board STM32U575I-EV: unknown feature type=joystick, name=, username=4-direction joystick with selection button, n=1
2022-10-05 14:16:07,219 [INFO] DbBoardsJson:86 - JSON generation date=Tue Nov 16 23:17:54 ICT 2021 (1637079474)
2022-10-05 14:16:07,219 [INFO] DbBoards:117 - Found 167 boards (163 are supported by CubeMX)
2022-10-05 14:16:07,219 [INFO] DbBoardsDocs:143 - JSON generation date=Tue Nov 16 23:17:54 ICT 2021 (1637079474)
2022-10-05 14:16:07,219 [INFO] DbBoardsDocs:79 - Found 209 boards documents
2022-10-05 14:16:07,219 [WARN] DbBoards:127 - board B-L475E-IOT01A2 has no document id list !
2022-10-05 14:16:07,219 [WARN] DbBoards:127 - board NUCLEO-H743ZI has no document id list !
2022-10-05 14:16:07,219 [WARN] DbBoards:127 - board NUCLEO-WL55JC2 has no document id list !
2022-10-05 14:16:07,219 [WARN] DbBoards:127 - board P-NUCLEO-WB55-Nucleo has no document id list !
2022-10-05 14:16:07,219 [WARN] DbBoards:127 - board P-NUCLEO-WB55-USBDongle has no document id list !
2022-10-05 14:16:07,219 [WARN] DbBoards:127 - board STEVAL-BFA001V1B has no document id list !
2022-10-05 14:16:07,219 [WARN] DbBoards:127 - board STEVAL-BFA001V2B has no document id list !
2022-10-05 14:16:07,219 [WARN] DbBoards:127 - board STEVAL-IDP005V1 has no document id list !
2022-10-05 14:16:07,219 [WARN] DbBoards:127 - board STEVAL-IDP005V2 has no document id list !
2022-10-05 14:16:07,219 [WARN] DbBoards:127 - board STEVAL-MKSBOX1V1 has no document id list !
2022-10-05 14:16:07,219 [WARN] DbBoards:127 - board STEVAL-STWINKT1 has no document id list !
2022-10-05 14:16:07,219 [WARN] DbBoards:127 - board STEVAL-STWINKT1B has no document id list !
2022-10-05 14:16:07,235 [WARN] DbBoards:127 - board STM32439I-EVAL2 has no document id list !
2022-10-05 14:16:07,235 [WARN] DbBoards:127 - board STM32F401C-DISCO has no document id list !
2022-10-05 14:16:07,235 [WARN] DbBoards:127 - board STM32F769I-DISC1 has no document id list !
2022-10-05 14:16:07,235 [WARN] DbBoards:127 - board STM32G474E-EVAL1 has no document id list !
2022-10-05 14:16:07,235 [WARN] DbBoards:127 - board STM32H743I-EVAL2 has no document id list !
2022-10-05 14:16:07,235 [WARN] DbBoards:127 - board STM32H747I-DISC1 has no document id list !
2022-10-05 14:16:07,235 [WARN] DbBoards:127 - board STM32H753I-EVAL2 has no document id list !
2022-10-05 14:16:07,235 [WARN] DbBoards:127 - board STM32L-DISCOVERY has no document id list !
2022-10-05 14:16:07,251 [WARN] PackLoader:238 - Cannot read IP mode file for STMicroelectronics.X-CUBE-AI.7.2.0
2022-10-05 14:16:07,266 [WARN] PackLoader:238 - Cannot read IP mode file for STMicroelectronics.X-CUBE-SFXS2LP1.4.0.0
2022-10-05 14:16:07,266 [WARN] PackLoader:238 - Cannot read IP mode file for STMicroelectronics.X-CUBE-BLE2.3.3.0
2022-10-05 14:16:07,282 [WARN] PackLoader:238 - Cannot read IP mode file for STMicroelectronics.X-CUBE-DISPLAY.2.2.0
2022-10-05 14:16:07,282 [WARN] PackLoader:238 - Cannot read IP mode file for STMicroelectronics.X-CUBE-ISPU.1.0.0
2022-10-05 14:16:07,297 [WARN] PackLoader:238 - Cannot read IP mode file for RoweBots.I-CUBE-UNISONRTOS.5.5.0-4
2022-10-05 14:16:07,313 [WARN] PackLoader:238 - Cannot read IP mode file for STMicroelectronics.X-CUBE-AZRTOS-H7.2.1.0
2022-10-05 14:16:07,313 [WARN] PackLoader:238 - Cannot read IP mode file for STMicroelectronics.X-CUBE-BLEMGR.1.0.0
2022-10-05 14:16:07,329 [WARN] PackLoader:238 - Cannot read IP mode file for STMicroelectronics.X-CUBE-ALGOBUILD.1.3.0
2022-10-05 14:16:07,329 [ERROR] DbBoards:189 - Image file not found for board B-U585I-IOT02A: C:\ST\STM32CubeIDE_1.7.0\STM32CubeIDE\plugins\com.st.stm32cube.common.mx_6.3.0.202107141111\\db\/plugins/mcufinder/images/boards/B-U585I-IOT02A_small.jpg
2022-10-05 14:16:07,329 [WARN] PackLoader:238 - Cannot read IP mode file for STMicroelectronics.X-CUBE-AZRTOS-G0.1.1.0
2022-10-05 14:16:07,344 [WARN] PackLoader:238 - Cannot read IP mode file for STMicroelectronics.X-CUBE-SUBG2.5.0.0
2022-10-05 14:16:07,376 [WARN] PackLoader:238 - Cannot read IP mode file for SEGGER.I-CUBE-embOS.1.2.0
2022-10-05 14:16:07,422 [WARN] PackLoader:238 - Cannot read IP mode file for STMicroelectronics.FP-ATR-ASTRA1.1.1.1
2022-10-05 14:16:07,422 [ERROR] DbBoards:189 - Image file not found for board NUCLEO-F413ZH: C:\ST\STM32CubeIDE_1.7.0\STM32CubeIDE\plugins\com.st.stm32cube.common.mx_6.3.0.202107141111\\db\/plugins/mcufinder/images/boards/nucleo-f413zh_small.jpg
2022-10-05 14:16:07,422 [WARN] PackLoader:238 - Cannot read IP mode file for STMicroelectronics.X-CUBE-AZRTOS-G4.1.0.0
2022-10-05 14:16:07,438 [WARN] PackLoader:238 - Cannot read IP mode file for STMicroelectronics.X-CUBE-AZRTOS-L4.1.0.0
2022-10-05 14:16:07,454 [WARN] PackLoader:238 - Cannot read IP mode file for emotas.I-CUBE-CANOPEN.1.1.2
2022-10-05 14:16:07,454 [WARN] PackLoader:238 - Cannot read IP mode file for STMicroelectronics.X-CUBE-TOUCHGFX.4.20.0
2022-10-05 14:16:07,454 [WARN] PackLoader:238 - Cannot read IP mode file for STMicroelectronics.X-CUBE-AZRTOS-WL.1.0.0
2022-10-05 14:16:07,469 [WARN] PackLoader:238 - Cannot read IP mode file for portGmbH.I-Cube-SoM-uGOAL.1.1.0
2022-10-05 14:16:07,469 [WARN] PackLoader:238 - Cannot read IP mode file for STMicroelectronics.X-CUBE-ALS.1.0.1
2022-10-05 14:16:07,485 [WARN] PackLoader:238 - Cannot read IP mode file for STMicroelectronics.X-CUBE-AZRTOS-L5.1.0.0
2022-10-05 14:16:07,485 [WARN] PackLoader:238 - Cannot read IP mode file for STMicroelectronics.X-CUBE-EEPRMA1.3.1.1
2022-10-05 14:16:07,485 [INFO] ThirdParty:915 - Integrity check success = true
2022-10-05 14:16:07,485 [INFO] IntegrityCheckThread:94 - exiting critical section [integrity check]
2022-10-05 14:16:07,485 [INFO] IntegrityCheckThread:97 - End integrity checks thread
2022-10-05 14:16:07,579 [ERROR] DbBoards:189 - Image file not found for board NUCLEO-L552ZE-Q: C:\ST\STM32CubeIDE_1.7.0\STM32CubeIDE\plugins\com.st.stm32cube.common.mx_6.3.0.202107141111\\db\/plugins/mcufinder/images/boards/nucleo_l552ze_q_small.jpg
2022-10-05 14:16:07,579 [ERROR] DbBoards:189 - Image file not found for board NUCLEO-U575ZI-Q: C:\ST\STM32CubeIDE_1.7.0\STM32CubeIDE\plugins\com.st.stm32cube.common.mx_6.3.0.202107141111\\db\/plugins/mcufinder/images/boards/nucleo-u575zi-q_small.jpg
2022-10-05 14:16:07,579 [ERROR] DbBoards:189 - Image file not found for board NUCLEO-WB15CC: C:\ST\STM32CubeIDE_1.7.0\STM32CubeIDE\plugins\com.st.stm32cube.common.mx_6.3.0.202107141111\\db\/plugins/mcufinder/images/boards/nucleo-wb15cc_small.jpg
2022-10-05 14:16:07,579 [ERROR] DbBoards:189 - Image file not found for board NUCLEO-WB55RG: C:\ST\STM32CubeIDE_1.7.0\STM32CubeIDE\plugins\com.st.stm32cube.common.mx_6.3.0.202107141111\\db\/plugins/mcufinder/images/boards/nucleo-wb55rg_small.jpg
2022-10-05 14:16:08,422 [INFO] ApiDb:251 - Load user favorites file C:\Users\minhl/.stm32cubeide/favorites.boards.txt: 0 item(s)
2022-10-05 14:16:08,422 [INFO] ApiDb:255 - User favorites Boards=[]
2022-10-05 14:16:08,422 [INFO] DbBoards:206 - Set 0 / 0 favorites Boards
2022-10-05 14:16:17,271 [INFO] DbMcusDocs:143 - JSON generation date=Tue Nov 16 23:17:54 ICT 2021 (1637079474)
2022-10-05 14:16:17,474 [INFO] DbMcusDocs:79 - Found 682 MCUs documents
2022-10-05 14:16:31,407 [INFO] MainUpdater:2671 - connection check result : 10
2022-10-05 14:16:31,407 [INFO] MainUpdater:2671 - connection check result : 10
2022-10-05 14:16:31,422 [INFO] MicroXplorer:448 - Change Database Path : 
2022-10-05 14:16:31,422 [INFO] MicroXplorer:478 - Change Database Version : DB.6.0.30
2022-10-05 14:16:31,422 [WARN] ThirdParty:813 - waiting for thirdparty lock release [close project]
2022-10-05 14:16:31,422 [INFO] ThirdParty:815 - entering critical section [close project]
2022-10-05 14:16:31,422 [INFO] ThirdParty:825 - exiting critical section [close project]
2022-10-05 14:16:31,438 [INFO] PinOutPanel:1463 - setPackage(No Configuration,No Configuration)
2022-10-05 14:16:31,438 [INFO] UtilMem:74 - Begin LoadConfig() Used Memory: 235432936 Bytes (458227712)
2022-10-05 14:16:31,438 [INFO] MicroXplorer:448 - Change Database Path : 
2022-10-05 14:16:31,438 [INFO] MicroXplorer:478 - Change Database Version : DB.6.0.30
2022-10-05 14:16:31,438 [INFO] OpenFileManager:313 - Change cursor
2022-10-05 14:16:31,813 [INFO] Context:592 - Trying to add GPIOservice into a context  which must be forbidden
2022-10-05 14:16:31,954 [INFO] ImportTextPane:167 - (OptionalMessage_ERROR) Unable to find key (Mcu.ThirdPartyNb) in loaded IOC file
2022-10-05 14:16:31,954 [INFO] ImportTextPane:167 - (OptionalMessage_ERROR) Unable to find key (Mcu.PinsNb) in loaded IOC file
2022-10-05 14:16:31,954 [INFO] ImportTextPane:167 - (OptionalMessage_ERROR) Unable to find key (Mcu.IPNb) in loaded IOC file
2022-10-05 14:16:31,985 [WARN] ApiManager:304 - Cannot register API 'Board Extension:GNSS1A1' from pack STMicroelectronics.X-CUBE-GNSS1.6.0.0: no header file found
2022-10-05 14:16:31,985 [WARN] ApiManager:304 - Cannot register API 'Board Support:Custom' from pack STMicroelectronics.X-CUBE-GNSS1.6.0.0: no header file found
2022-10-05 14:16:31,985 [WARN] ApiManager:304 - Cannot register API 'Data Exchange:lib_gnss' from pack STMicroelectronics.X-CUBE-GNSS1.6.0.0: no header file found
2022-10-05 14:16:32,000 [WARN] ModelIntegratedComponent:60 - No mode defined for component null
2022-10-05 14:16:32,000 [WARN] ModelIntegratedComponent:60 - No mode defined for component null
2022-10-05 14:16:32,000 [WARN] ModelIntegratedComponent:60 - No mode defined for component null
2022-10-05 14:16:32,000 [WARN] ModelIntegratedComponent:60 - No mode defined for component null
2022-10-05 14:16:32,000 [WARN] ModelIntegratedComponent:60 - No mode defined for component null
2022-10-05 14:16:32,000 [WARN] ModelIntegratedComponent:60 - No mode defined for component null
2022-10-05 14:16:32,000 [WARN] ModelIntegratedComponent:60 - No mode defined for component null
2022-10-05 14:16:32,000 [WARN] ModelIntegratedComponent:60 - No mode defined for component null
2022-10-05 14:16:32,000 [WARN] ModelIntegratedComponent:60 - No mode defined for component null
2022-10-05 14:16:32,000 [WARN] ModelIntegratedComponent:60 - No mode defined for component null
2022-10-05 14:16:32,000 [WARN] ModelIntegratedComponent:60 - No mode defined for component null
2022-10-05 14:16:32,000 [WARN] ModelIntegratedComponent:60 - No mode defined for component null
2022-10-05 14:16:32,000 [WARN] ModelIntegratedComponent:60 - No mode defined for component null
2022-10-05 14:16:32,000 [WARN] ModelIntegratedComponent:60 - No mode defined for component null
2022-10-05 14:16:32,000 [WARN] ModelIntegratedComponent:60 - No mode defined for component null
2022-10-05 14:16:32,000 [WARN] ModelIntegratedComponent:60 - No mode defined for component null
2022-10-05 14:16:32,000 [WARN] ModelIntegratedComponent:60 - No mode defined for component null
2022-10-05 14:16:32,000 [WARN] ModelIntegratedComponent:60 - No mode defined for component null
2022-10-05 14:16:32,000 [WARN] ModelIntegratedComponent:60 - No mode defined for component null
2022-10-05 14:16:32,000 [WARN] ModelIntegratedComponent:60 - No mode defined for component null
2022-10-05 14:16:32,000 [WARN] ModelIntegratedComponent:60 - No mode defined for component null
2022-10-05 14:16:32,000 [WARN] ModelIntegratedComponent:60 - No mode defined for component null
2022-10-05 14:16:32,000 [WARN] ModelIntegratedComponent:60 - No mode defined for component null
2022-10-05 14:16:32,000 [WARN] ModelIntegratedComponent:60 - No mode defined for component null
2022-10-05 14:16:32,000 [WARN] ModelIntegratedComponent:60 - No mode defined for component null
2022-10-05 14:16:32,000 [WARN] ModelIntegratedComponent:60 - No mode defined for component null
2022-10-05 14:16:32,000 [WARN] ModelIntegratedComponent:60 - No mode defined for component null
2022-10-05 14:16:32,000 [WARN] ModelIntegratedComponent:60 - No mode defined for component null
2022-10-05 14:16:32,000 [WARN] ModelIntegratedComponent:60 - No mode defined for component null
2022-10-05 14:16:32,000 [WARN] ModelIntegratedComponent:60 - No mode defined for component null
2022-10-05 14:16:32,000 [WARN] ModelIntegratedComponent:60 - No mode defined for component null
2022-10-05 14:16:32,000 [WARN] ApiManager:304 - Cannot register API 'Board Extension:NFC07A1' from pack STMicroelectronics.X-CUBE-NFC7.1.0.0: no header file found
2022-10-05 14:16:32,094 [WARN] ApiManager:304 - Cannot register API 'Board Extension:IKS01A3' from pack STMicroelectronics.X-CUBE-MEMS1.9.3.0: no header file found
2022-10-05 14:16:32,094 [WARN] ApiManager:304 - Cannot register API 'Board Extension:IKS01A2' from pack STMicroelectronics.X-CUBE-MEMS1.9.3.0: no header file found
2022-10-05 14:16:32,094 [WARN] ApiManager:304 - Cannot register API 'Board Extension:IKS02A1' from pack STMicroelectronics.X-CUBE-MEMS1.9.3.0: no header file found
2022-10-05 14:16:32,110 [WARN] ApiManager:304 - Cannot register API 'Wireless:BlueNRG-MS' from pack STMicroelectronics.X-CUBE-BLE1.6.2.3: no header file found
2022-10-05 14:16:32,110 [INFO] RtosManager:484 - Registered RTOS mode: class=CMSIS, group=RTOS, mode=CMSIS_V1, owner=FREERTOS
2022-10-05 14:16:32,110 [INFO] RtosManager:484 - Registered RTOS mode: class=CMSIS, group=RTOS2, mode=CMSIS_V2, owner=FREERTOS
2022-10-05 14:16:32,110 [INFO] RtosManager:484 - Registered RTOS mode: class=RTOS, group=Core, mode=CMSIS_V1, owner=FREERTOS
2022-10-05 14:16:32,110 [INFO] RtosManager:484 - Registered RTOS mode: class=RTOS, group=Core, mode=CMSIS_V2, owner=FREERTOS
2022-10-05 14:16:32,110 [WARN] ModelIntegratedComponent:181 - Missing modes for component STMicroelectronics:FreeRTOS:0.0.1:STMicroelectronics:RTOS:FreeRTOS:Core:::10.2.0:
2022-10-05 14:16:32,110 [WARN] ApiManager:304 - Cannot register API 'Board Extension:S2868A1' from pack STMicroelectronics.X-CUBE-SUBG2.5.0.0: no header file found
2022-10-05 14:16:32,110 [WARN] ApiManager:304 - Cannot register API 'Board Extension:S2868A2' from pack STMicroelectronics.X-CUBE-SUBG2.5.0.0: no header file found
2022-10-05 14:16:32,110 [WARN] ApiManager:304 - Cannot register API 'Board Extension:S2915A1' from pack STMicroelectronics.X-CUBE-SUBG2.5.0.0: no header file found
2022-10-05 14:16:32,110 [WARN] ApiManager:304 - Cannot register API 'Board Extension:EEPRMA1' from pack STMicroelectronics.X-CUBE-EEPRMA1.3.1.1: no header file found
2022-10-05 14:16:32,110 [WARN] ApiManager:304 - Cannot register API 'Board Extension:EEPRMA2' from pack STMicroelectronics.X-CUBE-EEPRMA1.3.1.1: no header file found
2022-10-05 14:16:32,110 [WARN] ApiManager:304 - Cannot register API 'Board Extension:S2868A1' from pack STMicroelectronics.X-CUBE-SFXS2LP1.4.0.0: no header file found
2022-10-05 14:16:32,110 [WARN] ApiManager:304 - Cannot register API 'Board Extension:S2868A2' from pack STMicroelectronics.X-CUBE-SFXS2LP1.4.0.0: no header file found
2022-10-05 14:16:32,110 [WARN] ApiManager:304 - Cannot register API 'Board Extension:S2915A1' from pack STMicroelectronics.X-CUBE-SFXS2LP1.4.0.0: no header file found
2022-10-05 14:16:32,110 [WARN] ApiManager:304 - Cannot register API 'Wireless:BlueNRG-2' from pack STMicroelectronics.X-CUBE-BLE2.3.3.0: no header file found
2022-10-05 14:16:32,110 [WARN] ApiManager:304 - Cannot register API 'Board Extension:NFC04A1' from pack STMicroelectronics.X-CUBE-NFC4.2.0.4: no header file found
2022-10-05 14:16:33,016 [INFO] UtilMem:74 - End LoadConfig() Used Memory: 380234784 Bytes (458227712)
2022-10-05 14:16:33,016 [WARN] ThirdParty:779 - waiting for thirdparty lock release [change project]
2022-10-05 14:16:33,016 [INFO] ThirdParty:781 - entering critical section [change project]
2022-10-05 14:16:33,016 [INFO] ThirdParty:967 - CMSIS Pack Vendor :RoweBots I-CUBE-UNISONRTOS 5.5.0-4
2022-10-05 14:16:33,016 [INFO] ThirdParty:967 - CMSIS Pack Vendor :STMicroelectronics X-CUBE-GNSS1 6.0.0
2022-10-05 14:16:33,016 [INFO] ThirdParty:967 - CMSIS Pack Vendor :STMicroelectronics X-CUBE-AZRTOS-H7 2.1.0
2022-10-05 14:16:33,016 [INFO] ThirdParty:967 - CMSIS Pack Vendor :STMicroelectronics USB_HOST 2.0.0
2022-10-05 14:16:33,016 [INFO] ThirdParty:967 - CMSIS Pack Vendor :STMicroelectronics X-CUBE-AZRTOS-F4 1.1.0
2022-10-05 14:16:33,016 [INFO] ThirdParty:967 - CMSIS Pack Vendor :STMicroelectronics X-CUBE-AZRTOS-G4 1.0.0
2022-10-05 14:16:33,016 [INFO] ThirdParty:967 - CMSIS Pack Vendor :STMicroelectronics X-CUBE-AZRTOS-L4 1.0.0
2022-10-05 14:16:33,016 [INFO] ThirdParty:967 - CMSIS Pack Vendor :STMicroelectronics USB_DEVICE 3.0.0
2022-10-05 14:16:33,016 [INFO] ThirdParty:967 - CMSIS Pack Vendor :wolfSSL I-CUBE-wolfSSL 5.5.0
2022-10-05 14:16:33,016 [INFO] ThirdParty:967 - CMSIS Pack Vendor :STMicroelectronics HAL Drivers 0.0.0
2022-10-05 14:16:33,016 [INFO] ThirdParty:967 - CMSIS Pack Vendor :STMicroelectronics MBEDTLS 2.16.2
2022-10-05 14:16:33,016 [INFO] ThirdParty:967 - CMSIS Pack Vendor :emotas I-CUBE-CANOPEN 1.1.2
2022-10-05 14:16:33,016 [INFO] ThirdParty:967 - CMSIS Pack Vendor :STMicroelectronics X-CUBE-TOUCHGFX 4.20.0
2022-10-05 14:16:33,016 [INFO] ThirdParty:967 - CMSIS Pack Vendor :STMicroelectronics MBEDTLS 2.14.1
2022-10-05 14:16:33,016 [INFO] ThirdParty:967 - CMSIS Pack Vendor :STMicroelectronics X-CUBE-NFC7 1.0.0
2022-10-05 14:16:33,016 [INFO] ThirdParty:967 - CMSIS Pack Vendor :STMicroelectronics X-CUBE-BLEMGR 1.0.0
2022-10-05 14:16:33,016 [INFO] ThirdParty:967 - CMSIS Pack Vendor :STMicroelectronics X-CUBE-AZRTOS-WL 1.0.0
2022-10-05 14:16:33,016 [INFO] ThirdParty:967 - CMSIS Pack Vendor :STMicroelectronics X-CUBE-AZRTOS-F7 1.1.0
2022-10-05 14:16:33,016 [INFO] ThirdParty:967 - CMSIS Pack Vendor :STMicroelectronics X-CUBE-MEMS1 9.3.0
2022-10-05 14:16:33,016 [INFO] ThirdParty:967 - CMSIS Pack Vendor :portGmbH I-Cube-SoM-uGOAL 1.1.0
2022-10-05 14:16:33,016 [INFO] ThirdParty:967 - CMSIS Pack Vendor :STMicroelectronics X-CUBE-ALS 1.0.1
2022-10-05 14:16:33,016 [INFO] ThirdParty:967 - CMSIS Pack Vendor :STMicroelectronics USB_DEVICE 2.0.0
2022-10-05 14:16:33,016 [INFO] ThirdParty:967 - CMSIS Pack Vendor :STMicroelectronics X-CUBE-AI 7.2.0
2022-10-05 14:16:33,016 [INFO] ThirdParty:967 - CMSIS Pack Vendor :STMicroelectronics X-CUBE-BLE1 6.2.3
2022-10-05 14:16:33,016 [INFO] ThirdParty:967 - CMSIS Pack Vendor :STMicroelectronics X-CUBE-ALGOBUILD 1.3.0
2022-10-05 14:16:33,016 [INFO] ThirdParty:967 - CMSIS Pack Vendor :STMicroelectronics X-CUBE-AZRTOS-L5 1.0.0
2022-10-05 14:16:33,016 [INFO] ThirdParty:967 - CMSIS Pack Vendor :STMicroelectronics FreeRTOS 0.0.1
2022-10-05 14:16:33,016 [INFO] ThirdParty:967 - CMSIS Pack Vendor :STMicroelectronics X-CUBE-AZRTOS-G0 1.1.0
2022-10-05 14:16:33,016 [INFO] ThirdParty:967 - CMSIS Pack Vendor :STMicroelectronics USB_DEVICE 1.0.0
2022-10-05 14:16:33,016 [INFO] ThirdParty:967 - CMSIS Pack Vendor :STMicroelectronics X-CUBE-SUBG2 5.0.0
2022-10-05 14:16:33,016 [INFO] ThirdParty:967 - CMSIS Pack Vendor :SEGGER I-CUBE-embOS 1.2.0
2022-10-05 14:16:33,016 [INFO] ThirdParty:967 - CMSIS Pack Vendor :STMicroelectronics X-CUBE-EEPRMA1 3.1.1
2022-10-05 14:16:33,016 [INFO] ThirdParty:967 - CMSIS Pack Vendor :STMicroelectronics ThreadX 0.0.2
2022-10-05 14:16:33,016 [INFO] ThirdParty:967 - CMSIS Pack Vendor :STMicroelectronics lwIP 2.0.3
2022-10-05 14:16:33,016 [INFO] ThirdParty:967 - CMSIS Pack Vendor :STMicroelectronics lwIP 2.1.2
2022-10-05 14:16:33,016 [INFO] ThirdParty:967 - CMSIS Pack Vendor :STMicroelectronics X-CUBE-SFXS2LP1 4.0.0
2022-10-05 14:16:33,016 [INFO] ThirdParty:967 - CMSIS Pack Vendor :STMicroelectronics X-CUBE-BLE2 3.3.0
2022-10-05 14:16:33,016 [INFO] ThirdParty:967 - CMSIS Pack Vendor :STMicroelectronics X-CUBE-NFC4 2.0.4
2022-10-05 14:16:33,016 [INFO] ThirdParty:967 - CMSIS Pack Vendor :STMicroelectronics USB_HOST 1.0.0
2022-10-05 14:16:33,016 [INFO] ThirdParty:967 - CMSIS Pack Vendor :STMicroelectronics X-CUBE-DISPLAY 2.2.0
2022-10-05 14:16:33,016 [INFO] ThirdParty:967 - CMSIS Pack Vendor :STMicroelectronics PDM2PCM 3.1.0
2022-10-05 14:16:33,016 [INFO] ThirdParty:967 - CMSIS Pack Vendor :STMicroelectronics FP-ATR-ASTRA1 1.1.1
2022-10-05 14:16:33,016 [INFO] ThirdParty:967 - CMSIS Pack Vendor :STMicroelectronics PDM2PCM 3.2.0
2022-10-05 14:16:33,016 [INFO] ThirdParty:967 - CMSIS Pack Vendor :STMicroelectronics PDM2PCM 3.3.0
2022-10-05 14:16:33,016 [INFO] ThirdParty:967 - CMSIS Pack Vendor :STMicroelectronics X-CUBE-TOF1 3.1.0
2022-10-05 14:16:33,016 [INFO] ThirdParty:967 - CMSIS Pack Vendor :STMicroelectronics X-CUBE-ISPU 1.0.0
2022-10-05 14:16:33,016 [INFO] ThirdParty:787 - exiting critical section [change project]
2022-10-05 14:16:33,141 [INFO] PinOutPanel:1463 - setPackage(No Configuration,No Configuration)
2022-10-05 14:16:33,141 [INFO] PinOutPanel:1463 - setPackage(STM32F103C6Ux,UFQFPN48)
2022-10-05 14:16:33,391 [INFO] UtilMem:74 - Before build in PCC Used Memory: 250930744 Bytes (458227712)
2022-10-05 14:16:33,735 [INFO] UtilMem:74 - After build in PCC Used Memory: 330622520 Bytes (458227712)
2022-10-05 14:16:33,750 [INFO] IPUIPlugin:74 - create IPUIPlugin
2022-10-05 14:16:33,750 [INFO] IPUIPlugin:74 - create IPUIPlugin
2022-10-05 14:16:33,750 [INFO] IPUIPlugin:74 - create IPUIPlugin
2022-10-05 14:16:33,750 [INFO] IPUIPlugin:74 - create IPUIPlugin
2022-10-05 14:16:33,750 [INFO] IPUIPlugin:74 - create IPUIPlugin
2022-10-05 14:16:33,750 [INFO] IPUIPlugin:74 - create IPUIPlugin
2022-10-05 14:16:33,750 [INFO] IPUIPlugin:74 - create IPUIPlugin
2022-10-05 14:16:33,750 [INFO] IPUIPlugin:74 - create IPUIPlugin
2022-10-05 14:16:33,750 [INFO] IPUIPlugin:74 - create IPUIPlugin
2022-10-05 14:16:33,750 [INFO] IPUIPlugin:74 - create IPUIPlugin
2022-10-05 14:16:33,750 [INFO] IPUIPlugin:74 - create IPUIPlugin
2022-10-05 14:16:33,750 [INFO] IPUIPlugin:74 - create IPUIPlugin
2022-10-05 14:16:33,750 [INFO] IPUIPlugin:74 - create IPUIPlugin
2022-10-05 14:16:33,750 [INFO] IPUIPlugin:74 - create IPUIPlugin
2022-10-05 14:16:33,750 [INFO] IPUIPlugin:74 - create IPUIPlugin
2022-10-05 14:16:33,750 [INFO] IPUIPlugin:74 - create IPUIPlugin
2022-10-05 14:16:33,750 [INFO] IPUIPlugin:74 - create IPUIPlugin
2022-10-05 14:16:33,750 [INFO] IPUIPlugin:74 - create IPUIPlugin
2022-10-05 14:16:33,750 [INFO] IPUIPlugin:74 - create IPUIPlugin
2022-10-05 14:16:33,750 [INFO] IPUIPlugin:74 - create IPUIPlugin
2022-10-05 14:16:33,750 [INFO] IPUIPlugin:74 - create IPUIPlugin
2022-10-05 14:16:33,750 [INFO] IPUIPlugin:74 - create IPUIPlugin
2022-10-05 14:16:33,750 [INFO] IPUIPlugin:74 - create IPUIPlugin
2022-10-05 14:16:33,813 [INFO] OpenFileManager:333 - Restore cursor
2022-10-05 14:16:33,985 [INFO] UtilMem:74 - End SaveConfig() Used Memory: 396270280 Bytes (458227712)
2022-10-05 14:16:34,016 [INFO] UtilMem:74 - End SaveConfig() Used Memory: 259601272 Bytes (458227712)
2022-10-05 14:16:34,235 [INFO] BlockDiagram:2740 - set Specific Code input for plugin: NVIC
2022-10-05 14:16:34,235 [INFO] BlockDiagram:2740 - set Specific Code input for plugin: SYS
2022-10-05 14:16:34,235 [INFO] BlockDiagram:2740 - set Specific Code input for plugin: RCC
2022-10-05 14:16:34,235 [INFO] CodeGenerator:663 - code generatio: config db path: C:\ST\STM32CubeIDE_1.7.0\STM32CubeIDE\plugins\com.st.stm32cube.common.mx_6.3.0.202107141111\\db\
2022-10-05 14:16:34,453 [INFO] CodeEngine:239 - oldGeneratedFile, D:\VXL\LAB2\B1\MXTmpFiles\license.tmp_save
2022-10-05 14:16:34,672 [INFO] CodeEngine:257 - Generated code: D:\VXL\LAB2\B1\MXTmpFiles\license.tmp
2022-10-05 14:16:34,719 [INFO] CodeEngine:239 - oldGeneratedFile, D:\VXL\LAB2\B1\Core\Src\stm32f1xx_it.c_save
2022-10-05 14:16:34,797 [INFO] CodeEngine:257 - Generated code: D:\VXL\LAB2\B1\Core\Src\stm32f1xx_it.c
2022-10-05 14:16:34,797 [INFO] CodeEngine:239 - oldGeneratedFile, D:\VXL\LAB2\B1\Core\Inc\stm32f1xx_it.h_save
2022-10-05 14:16:34,860 [INFO] CodeEngine:257 - Generated code: D:\VXL\LAB2\B1\Core\Inc\stm32f1xx_it.h
2022-10-05 14:16:34,860 [INFO] CodeEngine:239 - oldGeneratedFile, D:\VXL\LAB2\B1\Core\Src\stm32f1xx_hal_msp.c_save
2022-10-05 14:16:34,922 [INFO] CodeEngine:257 - Generated code: D:\VXL\LAB2\B1\Core\Src\stm32f1xx_hal_msp.c
2022-10-05 14:16:34,922 [INFO] CodeEngine:239 - oldGeneratedFile, D:\VXL\LAB2\B1\MXTmpFiles\system.tmp_save
2022-10-05 14:16:34,969 [INFO] CodeEngine:257 - Generated code: D:\VXL\LAB2\B1\MXTmpFiles\system.tmp
2022-10-05 14:16:34,969 [INFO] CodeEngine:239 - oldGeneratedFile, D:\VXL\LAB2\B1\Core\Inc\stm32f1xx_hal_conf.h_save
2022-10-05 14:16:35,016 [INFO] CodeEngine:257 - Generated code: D:\VXL\LAB2\B1\Core\Inc\stm32f1xx_hal_conf.h
2022-10-05 14:16:35,047 [INFO] CodeEngine:239 - oldGeneratedFile, D:\VXL\LAB2\B1\Core\Inc\main.h_save
2022-10-05 14:16:35,110 [INFO] CodeEngine:257 - Generated code: D:\VXL\LAB2\B1\Core\Inc\main.h
2022-10-05 14:16:35,110 [INFO] CodeEngine:239 - oldGeneratedFile, D:\VXL\LAB2\B1\Core\Src\main.c_save
2022-10-05 14:16:35,203 [INFO] CodeEngine:257 - Generated code: D:\VXL\LAB2\B1\Core\Src\main.c
2022-10-05 14:16:35,859 [INFO] ProjectBuilder:2578 - Time for Copy HAL[1] : 125mS.
2022-10-05 14:16:35,875 [INFO] ProjectBuilder:3622 - Project Generator version: 3.14.1
2022-10-05 14:16:36,203 [INFO] ConfigFileManager:1271 - The Die is : DIE412
2022-10-05 14:16:36,219 [INFO] ApiDbMcu:468 - Load IP Config File for FATFS
2022-10-05 14:16:36,234 [INFO] ApiDbMcu:468 - Load IP Config File for FREERTOS
2022-10-05 14:16:36,266 [INFO] ApiDbMcu:468 - Load IP Config File for USB_DEVICE
2022-10-05 14:16:38,109 [INFO] ProjectBuilder:3789 - Time for Generating toolchain IDE Files: 2234mS.
2022-10-05 14:16:38,109 [INFO] ProjectBuilder:2457 - Time for Copy CMSIS : 0mS.
2022-10-05 14:16:38,109 [INFO] ProjectBuilder:2457 - Time for Copy CMSIS : 0mS.
2022-10-05 14:16:38,609 [INFO] McuFinderGlobals:52 - Set McuFinderConnectedMode to true
2022-10-05 14:16:38,609 [INFO] ApiDb:276 - Save user favorites file C:\Users\minhl/.stm32cubeide/favorites.mcus.txt: 0 item(s)
2022-10-05 14:16:38,609 [INFO] ApiDb:280 - User favorites MCUs=[]
2022-10-05 14:18:01,338 [INFO] NvicIntPanel:96 - NVIC parent = com.st.microxplorer.plugins.ip.nvic.MultiNvicIntPanel[,0,0,0x0,invalid,layout=javax.swing.BoxLayout,alignmentX=0.0,alignmentY=0.0,border=,flags=9,maximumSize=,minimumSize=,preferredSize=]
2022-10-05 14:18:10,989 [INFO] NvicIntPanel:96 - NVIC parent = com.st.microxplorer.plugins.ip.nvic.MultiNvicIntPanel[,0,0,450x210,layout=javax.swing.BoxLayout,alignmentX=0.0,alignmentY=0.0,border=,flags=9,maximumSize=,minimumSize=,preferredSize=]
2022-10-05 14:18:25,652 [INFO] UtilMem:74 - End SaveConfig() Used Memory: 650517256 Bytes (788529152)
2022-10-05 14:18:26,826 [INFO] UtilMem:74 - End SaveConfig() Used Memory: 669262120 Bytes (788529152)
2022-10-05 14:18:28,950 [INFO] UtilMem:74 - End SaveConfig() Used Memory: 668853384 Bytes (788529152)
2022-10-05 14:18:29,154 [INFO] BlockDiagram:2740 - set Specific Code input for plugin: NVIC
2022-10-05 14:18:29,154 [INFO] BlockDiagram:2740 - set Specific Code input for plugin: SYS
2022-10-05 14:18:29,154 [INFO] BlockDiagram:2740 - set Specific Code input for plugin: GPIO
2022-10-05 14:18:29,154 [INFO] BlockDiagram:2740 - set Specific Code input for plugin: RCC
2022-10-05 14:18:29,154 [INFO] BlockDiagram:2740 - set Specific Code input for plugin: TIM1_8F1
2022-10-05 14:18:29,154 [INFO] CodeGenerator:663 - code generatio: config db path: C:\ST\STM32CubeIDE_1.7.0\STM32CubeIDE\plugins\com.st.stm32cube.common.mx_6.3.0.202107141111\\db\
2022-10-05 14:18:29,419 [INFO] CodeEngine:239 - oldGeneratedFile, D:\VXL\LAB2\B1\MXTmpFiles\license.tmp_save
2022-10-05 14:18:29,482 [INFO] CodeEngine:257 - Generated code: D:\VXL\LAB2\B1\MXTmpFiles\license.tmp
2022-10-05 14:18:29,528 [INFO] CodeEngine:239 - oldGeneratedFile, D:\VXL\LAB2\B1\MXTmpFiles\gpio.tmp_save
2022-10-05 14:18:29,575 [INFO] CodeEngine:257 - Generated code: D:\VXL\LAB2\B1\MXTmpFiles\gpio.tmp
2022-10-05 14:18:29,685 [INFO] CodeEngine:239 - oldGeneratedFile, D:\VXL\LAB2\B1\Core\Src\stm32f1xx_it.c_save
2022-10-05 14:18:29,747 [INFO] CodeEngine:257 - Generated code: D:\VXL\LAB2\B1\Core\Src\stm32f1xx_it.c
2022-10-05 14:18:29,747 [INFO] CodeEngine:239 - oldGeneratedFile, D:\VXL\LAB2\B1\Core\Inc\stm32f1xx_it.h_save
2022-10-05 14:18:29,794 [INFO] CodeEngine:257 - Generated code: D:\VXL\LAB2\B1\Core\Inc\stm32f1xx_it.h
2022-10-05 14:18:29,794 [INFO] CodeEngine:239 - oldGeneratedFile, D:\VXL\LAB2\B1\Core\Src\stm32f1xx_hal_msp.c_save
2022-10-05 14:18:29,857 [INFO] CodeEngine:257 - Generated code: D:\VXL\LAB2\B1\Core\Src\stm32f1xx_hal_msp.c
2022-10-05 14:18:29,872 [INFO] CodeEngine:239 - oldGeneratedFile, D:\VXL\LAB2\B1\MXTmpFiles\system.tmp_save
2022-10-05 14:18:29,903 [INFO] CodeEngine:257 - Generated code: D:\VXL\LAB2\B1\MXTmpFiles\system.tmp
2022-10-05 14:18:29,919 [INFO] CodeEngine:239 - oldGeneratedFile, D:\VXL\LAB2\B1\Core\Inc\stm32f1xx_hal_conf.h_save
2022-10-05 14:18:29,982 [INFO] CodeEngine:257 - Generated code: D:\VXL\LAB2\B1\Core\Inc\stm32f1xx_hal_conf.h
2022-10-05 14:18:29,997 [WARN] IPConfigManager:3148 - IP not found : TIM
2022-10-05 14:18:29,997 [WARN] CodeGenerator:3268 - IP not found : null
2022-10-05 14:18:29,997 [INFO] CodeEngine:239 - oldGeneratedFile, D:\VXL\LAB2\B1\Core\Inc\main.h_save
2022-10-05 14:18:30,075 [INFO] CodeEngine:257 - Generated code: D:\VXL\LAB2\B1\Core\Inc\main.h
2022-10-05 14:18:30,091 [INFO] CodeEngine:239 - oldGeneratedFile, D:\VXL\LAB2\B1\Core\Src\main.c_save
2022-10-05 14:18:30,169 [INFO] CodeEngine:257 - Generated code: D:\VXL\LAB2\B1\Core\Src\main.c
2022-10-05 14:18:30,856 [INFO] ProjectBuilder:2578 - Time for Copy HAL[1] : 78mS.
2022-10-05 14:18:30,856 [INFO] ProjectBuilder:3622 - Project Generator version: 3.14.1
2022-10-05 14:18:31,231 [INFO] ConfigFileManager:1271 - The Die is : DIE412
2022-10-05 14:18:32,446 [INFO] ProjectBuilder:3789 - Time for Generating toolchain IDE Files: 1590mS.
2022-10-05 14:18:32,446 [INFO] ProjectBuilder:2457 - Time for Copy CMSIS : 0mS.
2022-10-05 14:18:32,446 [INFO] ProjectBuilder:2457 - Time for Copy CMSIS : 0mS.
2022-10-05 14:25:02,688 [INFO] UtilMem:74 - End SaveConfig() Used Memory: 847354112 Bytes (1050673152)
2022-10-05 14:25:06,230 [INFO] UtilMem:74 - End SaveConfig() Used Memory: 671080800 Bytes (1050673152)
2022-10-05 14:25:07,662 [INFO] UtilMem:74 - End SaveConfig() Used Memory: 724341304 Bytes (1050673152)
2022-10-05 14:25:07,880 [INFO] BlockDiagram:2740 - set Specific Code input for plugin: NVIC
2022-10-05 14:25:07,880 [INFO] BlockDiagram:2740 - set Specific Code input for plugin: SYS
2022-10-05 14:25:07,880 [INFO] BlockDiagram:2740 - set Specific Code input for plugin: GPIO
2022-10-05 14:25:07,880 [INFO] BlockDiagram:2740 - set Specific Code input for plugin: RCC
2022-10-05 14:25:07,880 [INFO] BlockDiagram:2740 - set Specific Code input for plugin: TIM1_8F1
2022-10-05 14:25:07,880 [INFO] CodeGenerator:663 - code generatio: config db path: C:\ST\STM32CubeIDE_1.7.0\STM32CubeIDE\plugins\com.st.stm32cube.common.mx_6.3.0.202107141111\\db\
2022-10-05 14:25:08,109 [INFO] CodeEngine:239 - oldGeneratedFile, D:\VXL\LAB2\B1\MXTmpFiles\license.tmp_save
2022-10-05 14:25:08,172 [INFO] CodeEngine:257 - Generated code: D:\VXL\LAB2\B1\MXTmpFiles\license.tmp
2022-10-05 14:25:08,218 [INFO] CodeEngine:239 - oldGeneratedFile, D:\VXL\LAB2\B1\MXTmpFiles\gpio.tmp_save
2022-10-05 14:25:08,265 [INFO] CodeEngine:257 - Generated code: D:\VXL\LAB2\B1\MXTmpFiles\gpio.tmp
2022-10-05 14:25:08,312 [INFO] CodeEngine:239 - oldGeneratedFile, D:\VXL\LAB2\B1\Core\Src\stm32f1xx_it.c_save
2022-10-05 14:25:08,375 [INFO] CodeEngine:257 - Generated code: D:\VXL\LAB2\B1\Core\Src\stm32f1xx_it.c
2022-10-05 14:25:08,406 [INFO] CodeEngine:239 - oldGeneratedFile, D:\VXL\LAB2\B1\Core\Inc\stm32f1xx_it.h_save
2022-10-05 14:25:08,453 [INFO] CodeEngine:257 - Generated code: D:\VXL\LAB2\B1\Core\Inc\stm32f1xx_it.h
2022-10-05 14:25:08,468 [INFO] CodeEngine:239 - oldGeneratedFile, D:\VXL\LAB2\B1\Core\Src\stm32f1xx_hal_msp.c_save
2022-10-05 14:25:08,547 [INFO] CodeEngine:257 - Generated code: D:\VXL\LAB2\B1\Core\Src\stm32f1xx_hal_msp.c
2022-10-05 14:25:08,547 [INFO] CodeEngine:239 - oldGeneratedFile, D:\VXL\LAB2\B1\MXTmpFiles\system.tmp_save
2022-10-05 14:25:08,593 [INFO] CodeEngine:257 - Generated code: D:\VXL\LAB2\B1\MXTmpFiles\system.tmp
2022-10-05 14:25:08,593 [INFO] CodeEngine:239 - oldGeneratedFile, D:\VXL\LAB2\B1\Core\Inc\stm32f1xx_hal_conf.h_save
2022-10-05 14:25:08,672 [INFO] CodeEngine:257 - Generated code: D:\VXL\LAB2\B1\Core\Inc\stm32f1xx_hal_conf.h
2022-10-05 14:25:08,703 [WARN] IPConfigManager:3148 - IP not found : TIM
2022-10-05 14:25:08,703 [WARN] CodeGenerator:3268 - IP not found : null
2022-10-05 14:25:08,718 [INFO] CodeEngine:239 - oldGeneratedFile, D:\VXL\LAB2\B1\Core\Inc\main.h_save
2022-10-05 14:25:08,781 [INFO] CodeEngine:257 - Generated code: D:\VXL\LAB2\B1\Core\Inc\main.h
2022-10-05 14:25:08,781 [INFO] CodeEngine:239 - oldGeneratedFile, D:\VXL\LAB2\B1\Core\Src\main.c_save
2022-10-05 14:25:08,890 [INFO] CodeEngine:257 - Generated code: D:\VXL\LAB2\B1\Core\Src\main.c
2022-10-05 14:25:09,500 [INFO] ProjectBuilder:2578 - Time for Copy HAL[1] : 94mS.
2022-10-05 14:25:09,500 [INFO] ProjectBuilder:3622 - Project Generator version: 3.14.1
2022-10-05 14:25:09,859 [INFO] ConfigFileManager:1271 - The Die is : DIE412
2022-10-05 14:25:11,234 [INFO] ProjectBuilder:3789 - Time for Generating toolchain IDE Files: 1734mS.
2022-10-05 14:25:11,234 [INFO] ProjectBuilder:2457 - Time for Copy CMSIS : 0mS.
2022-10-05 14:25:11,234 [INFO] ProjectBuilder:2457 - Time for Copy CMSIS : 0mS.
